------------------------------------------
Setting up environment variables
---
LD_LIBRARY_PATH is .:/xchip/cogs/matlib/mcr/versions/v713//runtime/glnxa64:/xchip/cogs/matlib/mcr/versions/v713//bin/glnxa64:/xchip/cogs/matlib/mcr/versions/v713//sys/os/glnxa64:/xchip/cogs/matlib/mcr/versions/v713//sys/java/jre/glnxa64/jre/lib/amd64/native_threads:/xchip/cogs/matlib/mcr/versions/v713//sys/java/jre/glnxa64/jre/lib/amd64/server:/xchip/cogs/matlib/mcr/versions/v713//sys/java/jre/glnxa64/jre/lib/amd64/client:/xchip/cogs/matlib/mcr/versions/v713//sys/java/jre/glnxa64/jre/lib/amd64
/xchip/cogs/cflynn/tmp/inferredComparisonCompileTest//data/_22268_probes* found, using it for further analysis...
/xchip/cogs/cflynn/tmp/inferredComparisonCompileTest//data/_landmark* found, using it for further analysis...
/xchip/cogs/cflynn/tmp/inferredComparisonCompileTest//data/_INF_* found, using it for further analysis...
class:single
Reading /xchip/cogs/cflynn/tmp/inferredComparisonCompileTest//data/_22268_probes_n6x22268.gct [22268x6]
read:4000/22268
read:8000/22268
read:12000/22268
read:16000/22268
read:20000/22268
read:22268/22268
Done.
class:single
Reading /xchip/cogs/cflynn/tmp/inferredComparisonCompileTest//data/_landmark_INF_n6x22268.gct [22268x6]
read:4000/22268
read:8000/22268
read:12000/22268
read:16000/22268
read:20000/22268
read:22268/22268
Done.
/xchip/cogs/cflynn/tmp/inferredComparisonCompileTest//data/_sample_corrs.mat found, using it for further analysis...
computing sample correlations...
computing full probe set correlations...
computing sweet probe set correlations...
computing cv1000 probe set correlations...
computing cvUnder21268 probe set correlations...
computing cv10000 probe set correlations...
computing cvUnder11268 probe set correlations...
This is pdfeTeX, Version 3.141592-1.21a-2.2 (Web2C 7.5.4)
entering extended mode
Unmatched ".
This is pdfeTeX, Version 3.141592-1.21a-2.2 (Web2C 7.5.4)
entering extended mode
------------------------------------------
Setting up environment variables
---
LD_LIBRARY_PATH is .:/xchip/cogs/matlib/mcr/versions/v713//runtime/glnxa64:/xchip/cogs/matlib/mcr/versions/v713//bin/glnxa64:/xchip/cogs/matlib/mcr/versions/v713//sys/os/glnxa64:/xchip/cogs/matlib/mcr/versions/v713//sys/java/jre/glnxa64/jre/lib/amd64/native_threads:/xchip/cogs/matlib/mcr/versions/v713//sys/java/jre/glnxa64/jre/lib/amd64/server:/xchip/cogs/matlib/mcr/versions/v713//sys/java/jre/glnxa64/jre/lib/amd64/client:/xchip/cogs/matlib/mcr/versions/v713//sys/java/jre/glnxa64/jre/lib/amd64
This is pdfeTeX, Version 3.141592-1.21a-2.2 (Web2C 7.5.4)
entering extended mode
/xchip/cogs/cflynn/tmp/inferredComparisonCompileTest//data/_22268_probes* found, using it for further analysis...
/xchip/cogs/cflynn/tmp/inferredComparisonCompileTest//data/_landmark* found, using it for further analysis...
/xchip/cogs/cflynn/tmp/inferredComparisonCompileTest//data/_INF_* found, using it for further analysis...
class:single
Reading /xchip/cogs/cflynn/tmp/inferredComparisonCompileTest//data/_22268_probes_n6x22268.gct [22268x6]
read:4000/22268
read:8000/22268
read:12000/22268
read:16000/22268
read:20000/22268
read:22268/22268
Done.
class:single
Reading /xchip/cogs/cflynn/tmp/inferredComparisonCompileTest//data/_landmark_INF_n6x22268.gct [22268x6]
read:4000/22268
read:8000/22268
read:12000/22268
read:16000/22268
read:20000/22268
read:22268/22268
Done.
/xchip/cogs/cflynn/tmp/inferredComparisonCompileTest//data/_sample_corrs.mat found, using it for further analysis...
computing sample correlations...
computing full probe set correlations...
computing sweet probe set correlations...
computing cv1000 probe set correlations...
computing cvUnder21268 probe set correlations...
computing cv10000 probe set correlations...
computing cvUnder11268 probe set correlations...
This is pdfeTeX, Version 3.141592-1.21a-2.2 (Web2C 7.5.4)
entering extended mode
Unmatched ".
This is pdfeTeX, Version 3.141592-1.21a-2.2 (Web2C 7.5.4)
entering extended mode
This is pdfeTeX, Version 3.141592-1.21a-2.2 (Web2C 7.5.4)
entering extended mode
------------------------------------------
Setting up environment variables
---
LD_LIBRARY_PATH is .:/xchip/cogs/matlib/mcr/versions/v713//runtime/glnxa64:/xchip/cogs/matlib/mcr/versions/v713//bin/glnxa64:/xchip/cogs/matlib/mcr/versions/v713//sys/os/glnxa64:/xchip/cogs/matlib/mcr/versions/v713//sys/java/jre/glnxa64/jre/lib/amd64/native_threads:/xchip/cogs/matlib/mcr/versions/v713//sys/java/jre/glnxa64/jre/lib/amd64/server:/xchip/cogs/matlib/mcr/versions/v713//sys/java/jre/glnxa64/jre/lib/amd64/client:/xchip/cogs/matlib/mcr/versions/v713//sys/java/jre/glnxa64/jre/lib/amd64
/xchip/cogs/cflynn/tmp/inferredComparisonCompileTest//data/_22268_probes* found, using it for further analysis...
/xchip/cogs/cflynn/tmp/inferredComparisonCompileTest//data/_landmark* found, using it for further analysis...
/xchip/cogs/cflynn/tmp/inferredComparisonCompileTest//data/_INF_* found, using it for further analysis...
class:single
Reading /xchip/cogs/cflynn/tmp/inferredComparisonCompileTest//data/_22268_probes_n6x22268.gct [22268x6]
read:4000/22268
read:8000/22268
read:12000/22268
read:16000/22268
read:20000/22268
read:22268/22268
Done.
class:single
Reading /xchip/cogs/cflynn/tmp/inferredComparisonCompileTest//data/_landmark_INF_n6x22268.gct [22268x6]
read:4000/22268
read:8000/22268
read:12000/22268
read:16000/22268
read:20000/22268
read:22268/22268
Done.
/xchip/cogs/cflynn/tmp/inferredComparisonCompileTest//data/_sample_corrs.mat found, using it for further analysis...
computing sample correlations...
computing full probe set correlations...
computing sweet probe set correlations...
computing cv1000 probe set correlations...
computing cvUnder21268 probe set correlations...
computing cv10000 probe set correlations...
computing cvUnder11268 probe set correlations...
This is pdfeTeX, Version 3.141592-1.21a-2.2 (Web2C 7.5.4)
entering extended mode
Unmatched ".
This is pdfeTeX, Version 3.141592-1.21a-2.2 (Web2C 7.5.4)
entering extended mode
This is pdfeTeX, Version 3.141592-1.21a-2.2 (Web2C 7.5.4)
entering extended mode
which: no ifconfig in (/broad/software/nonfree/Linux/redhat_5_x86_64/pkgs/matlab_2010a/bin:/broad/software/free/Linux/redhat_5_x86_64/pkgs/gcc_4.2.3//bin:/broad/software/free/Linux/redhat_5_x86_64/pkgs/subversion_1.6.5/bin:/broad/software/free/Linux/redhat_5_x86_64/pkgs/sqlite_3.6.19/bin:/xchip/cogs/cflynn/sandboxCodeWorking/python/:/xchip/cogs/cflynn/sandboxCodeWorking/shell/:/xchip/cogs/bin:/xchip/cogs/matlib/bin:/home/unix/cflynn/bin:/broad/tools/NoArch/pkgs/local:/usr/lib64/qt-3.3/bin:/usr/kerberos/bin:/usr/local/bin:/bin:/usr/bin:/usr/X11R6/bin:/opt/dell/srvadmin/bin)
